<?xml version="1.0" encoding="UTF-8"?>
<testng-results ignored="0" total="7" passed="7" failed="0" skipped="0">
  <reporter-output>
  </reporter-output>
  <suite started-at="2021-08-08T01:36:41Z" name="Flipkart Test Automation Test Suite" finished-at="2021-08-08T01:37:02Z" duration-ms="21405">
    <groups>
    </groups>
    <test started-at="2021-08-08T01:36:41Z" name="Flipkart Test Cases" finished-at="2021-08-08T01:37:02Z" duration-ms="21405">
      <class name="com.flipkart.qa.test.FlipKartTest">
        <test-method is-config="true" signature="beforeClass()[pri:0, instance:com.flipkart.qa.test.FlipKartTest@394a2528]" started-at="2021-08-08T07:06:41Z" name="beforeClass" finished-at="2021-08-08T07:06:51Z" duration-ms="10354" status="PASS">
          <reporter-output>
          </reporter-output>
        </test-method> <!-- beforeClass -->
        <test-method signature="openHomePage(java.lang.String, java.lang.String, java.lang.String, java.lang.String)[pri:0, instance:com.flipkart.qa.test.FlipKartTest@394a2528]" started-at="2021-08-08T07:06:52Z" name="openHomePage" data-provider="dp" finished-at="2021-08-08T07:06:53Z" duration-ms="389" status="PASS">
          <params>
            <param index="0">
              <value>
                <![CDATA[Samsung mobiles]]>
              </value>
            </param>
            <param index="1">
              <value>
                <![CDATA[10000]]>
              </value>
            </param>
            <param index="2">
              <value>
                <![CDATA[2 GB]]>
              </value>
            </param>
            <param index="3">
              <value>
                <![CDATA[Snapdragon]]>
              </value>
            </param>
          </params>
          <reporter-output>
          </reporter-output>
        </test-method> <!-- openHomePage -->
        <test-method signature="setCriteria()[pri:0, instance:com.flipkart.qa.test.FlipKartTest@394a2528]" started-at="2021-08-08T07:06:53Z" name="setCriteria" finished-at="2021-08-08T07:06:54Z" depends-on-methods="com.flipkart.qa.test.FlipKartTest.openHomePage" duration-ms="1693" status="PASS">
          <reporter-output>
          </reporter-output>
        </test-method> <!-- setCriteria -->
        <test-method signature="setRAM()[pri:0, instance:com.flipkart.qa.test.FlipKartTest@394a2528]" started-at="2021-08-08T07:06:54Z" name="setRAM" finished-at="2021-08-08T07:06:56Z" depends-on-methods="com.flipkart.qa.test.FlipKartTest.setCriteria" duration-ms="2184" status="PASS">
          <reporter-output>
          </reporter-output>
        </test-method> <!-- setRAM -->
        <test-method signature="setProcessor()[pri:0, instance:com.flipkart.qa.test.FlipKartTest@394a2528]" started-at="2021-08-08T07:06:56Z" name="setProcessor" finished-at="2021-08-08T07:07:00Z" depends-on-methods="com.flipkart.qa.test.FlipKartTest.setRAM" duration-ms="3260" status="PASS">
          <reporter-output>
          </reporter-output>
        </test-method> <!-- setProcessor -->
        <test-method signature="getTotalNoOfMobiles()[pri:0, instance:com.flipkart.qa.test.FlipKartTest@394a2528]" started-at="2021-08-08T07:07:00Z" name="getTotalNoOfMobiles" finished-at="2021-08-08T07:07:01Z" depends-on-methods="com.flipkart.qa.test.FlipKartTest.setProcessor" duration-ms="1398" status="PASS">
          <reporter-output>
          </reporter-output>
        </test-method> <!-- getTotalNoOfMobiles -->
        <test-method signature="writeInCSVFile()[pri:0, instance:com.flipkart.qa.test.FlipKartTest@394a2528]" started-at="2021-08-08T07:07:01Z" name="writeInCSVFile" finished-at="2021-08-08T07:07:01Z" depends-on-methods="com.flipkart.qa.test.FlipKartTest.getTotalNoOfMobiles" duration-ms="7" status="PASS">
          <reporter-output>
          </reporter-output>
        </test-method> <!-- writeInCSVFile -->
        <test-method signature="captureScreenshot()[pri:0, instance:com.flipkart.qa.test.FlipKartTest@394a2528]" started-at="2021-08-08T07:07:01Z" name="captureScreenshot" finished-at="2021-08-08T07:07:01Z" depends-on-methods="com.flipkart.qa.test.FlipKartTest.writeInCSVFile" duration-ms="199" status="PASS">
          <reporter-output>
          </reporter-output>
        </test-method> <!-- captureScreenshot -->
        <test-method is-config="true" signature="afterClass()[pri:0, instance:com.flipkart.qa.test.FlipKartTest@394a2528]" started-at="2021-08-08T07:07:01Z" name="afterClass" finished-at="2021-08-08T07:07:02Z" duration-ms="820" status="PASS">
          <reporter-output>
          </reporter-output>
        </test-method> <!-- afterClass -->
      </class> <!-- com.flipkart.qa.test.FlipKartTest -->
    </test> <!-- Flipkart Test Cases -->
  </suite> <!-- Flipkart Test Automation Test Suite -->
</testng-results>
