<?xml version="1.0" encoding="UTF-8"?>
<!-- Generated by org.testng.reporters.JUnitXMLReporter -->
<testsuite ignored="0" hostname="SoumyaPC" failures="0" tests="6" name="Default test" time="22.928" errors="0" timestamp="07 Aug 2021 23:13:26 GMT">
  <testcase classname="com.flipkart.qa.test.FlipKartTest" name="openHomePage" time="0.323"/>
  <testcase classname="com.flipkart.qa.test.FlipKartTest" name="setCriteria" time="1.268"/>
  <testcase classname="com.flipkart.qa.test.FlipKartTest" name="setRAM" time="2.17"/>
  <testcase classname="com.flipkart.qa.test.FlipKartTest" name="setProcessor" time="3.273"/>
  <testcase classname="com.flipkart.qa.test.FlipKartTest" name="getTotalNoOfMobiles" time="1.444"/>
  <testcase classname="com.flipkart.qa.test.FlipKartTest" name="writeInCSVFile" time="0.006"/>
</testsuite> <!-- Default test -->
