<?xml version="1.0" encoding="UTF-8"?>
<!-- Generated by org.testng.reporters.JUnitXMLReporter -->
<testsuite ignored="0" hostname="SoumyaPC" failures="0" tests="7" name="Flipkart Test Cases" time="21.405" errors="0" timestamp="08 Aug 2021 01:37:02 GMT">
  <testcase classname="com.flipkart.qa.test.FlipKartTest" name="openHomePage" time="0.389"/>
  <testcase classname="com.flipkart.qa.test.FlipKartTest" name="setCriteria" time="1.693"/>
  <testcase classname="com.flipkart.qa.test.FlipKartTest" name="setRAM" time="2.184"/>
  <testcase classname="com.flipkart.qa.test.FlipKartTest" name="setProcessor" time="3.26"/>
  <testcase classname="com.flipkart.qa.test.FlipKartTest" name="getTotalNoOfMobiles" time="1.398"/>
  <testcase classname="com.flipkart.qa.test.FlipKartTest" name="writeInCSVFile" time="0.007"/>
  <testcase classname="com.flipkart.qa.test.FlipKartTest" name="captureScreenshot" time="0.199"/>
</testsuite> <!-- Flipkart Test Cases -->
